2025-11-19 16:06:09 - Added employee ID=1
2025-11-19 16:06:36 - Applied bonus to employee id=1 newBonus=0.0
2025-11-19 16:07:06 - Applied bonus to employee id=1 newBonus=0.0
2025-11-19 23:41:32 - Applied bonus to employee id=1 newBonus=0.0
2025-11-19 23:42:02 - Applied bonus to employee id=1 newBonus=0.0
2025-11-19 23:42:32 - Applied bonus to employee id=1 newBonus=0.0
2025-11-19 23:43:02 - Applied bonus to employee id=1 newBonus=0.0
2025-11-19 23:43:32 - Applied bonus to employee id=1 newBonus=0.0
2025-11-19 23:44:02 - Applied bonus to employee id=1 newBonus=0.0
2025-11-19 23:44:32 - Applied bonus to employee id=1 newBonus=0.0
2025-11-20 09:51:13 - Started bonus processor (UI)
2025-11-20 09:51:13 - Applied bonus to employee id=9999 newBonus=0.0
2025-11-20 09:51:16 - Stopped bonus processor (UI)
2025-11-20 09:51:48 - Started bonus processor (UI)
2025-11-20 09:51:48 - Applied bonus to employee id=9999 newBonus=0.0
2025-11-20 09:52:18 - Applied bonus to employee id=9999 newBonus=0.0
2025-11-20 09:52:46 - Stopped bonus processor (UI)
2025-11-20 10:14:41 - UI: added employee id=1
2025-11-20 10:14:57 - Started bonus processor (UI)
2025-11-20 10:14:57 - Applied bonus to employee id=1 newBonus=0.0
2025-11-20 10:14:57 - Applied bonus to employee id=9999 newBonus=0.0
2025-11-20 10:15:27 - Applied bonus to employee id=1 newBonus=0.0
2025-11-20 10:15:27 - Applied bonus to employee id=9999 newBonus=0.0
2025-11-20 10:15:57 - Applied bonus to employee id=1 newBonus=0.0
2025-11-20 10:15:57 - Applied bonus to employee id=9999 newBonus=0.0
2025-11-20 10:16:28 - Applied bonus to employee id=1 newBonus=0.0
2025-11-20 10:16:28 - Applied bonus to employee id=9999 newBonus=0.0
2025-11-20 10:16:58 - Applied bonus to employee id=1 newBonus=0.0
2025-11-20 10:16:58 - Applied bonus to employee id=9999 newBonus=0.0
2025-11-20 10:17:28 - Applied bonus to employee id=1 newBonus=0.0
2025-11-20 10:17:28 - Applied bonus to employee id=9999 newBonus=0.0
2025-11-20 10:17:58 - Applied bonus to employee id=1 newBonus=0.0
2025-11-20 10:17:58 - Applied bonus to employee id=9999 newBonus=0.0
2025-11-24 12:42:01 - Started bonus processor (UI)
2025-11-24 12:42:01 - Applied bonus to employee id=1 newBonus=0.0
2025-11-24 12:42:01 - Applied bonus to employee id=9999 newBonus=0.0
2025-11-24 12:42:06 - Stopped bonus processor (UI)
2025-11-24 12:42:17 - Started bonus processor (UI)
2025-11-24 12:42:17 - Applied bonus to employee id=1 newBonus=0.0
2025-11-24 12:42:17 - Applied bonus to employee id=9999 newBonus=0.0
2025-11-24 12:42:47 - Applied bonus to employee id=1 newBonus=0.0
2025-11-24 12:42:47 - Applied bonus to employee id=9999 newBonus=0.0
2025-11-24 12:42:56 - Stopped bonus processor (UI)
2025-11-24 12:47:09 - UI: added employee id=2
2025-11-24 12:49:34 - UI: added employee id=123
